manifest-merger-release-report.txt
-- Merging decision tree log ---
manifest
ADDED from AndroidManifest.xml:2:1
	package
		ADDED from AndroidManifest.xml:3:5
		INJECTED from AndroidManifest.xml:0:0
		INJECTED from AndroidManifest.xml:0:0
	android:versionName
		INJECTED from AndroidManifest.xml:0:0
		INJECTED from AndroidManifest.xml:0:0
	android:versionCode
		ADDED from AndroidManifest.xml:4:5
		INJECTED from AndroidManifest.xml:0:0
		INJECTED from AndroidManifest.xml:0:0
	xmlns:android
		ADDED from AndroidManifest.xml:2:11
application
ADDED from AndroidManifest.xml:7:5
MERGED from com.android.support:support-v4:21.0.3:16:5
	android:label
		ADDED from AndroidManifest.xml:10:9
	android:allowBackup
		ADDED from AndroidManifest.xml:8:9
	android:icon
		ADDED from AndroidManifest.xml:9:9
	android:theme
		ADDED from AndroidManifest.xml:11:9
activity#com.example.onam.divyahimgiri.splash
ADDED from AndroidManifest.xml:12:9
	android:label
		ADDED from AndroidManifest.xml:14:13
	android:name
		ADDED from AndroidManifest.xml:13:13
intent-filter#android.intent.action.MAIN+android.intent.category.LAUNCHER
ADDED from AndroidManifest.xml:15:13
action#android.intent.action.MAIN
ADDED from AndroidManifest.xml:16:17
	android:name
		ADDED from AndroidManifest.xml:16:25
category#android.intent.category.LAUNCHER
ADDED from AndroidManifest.xml:18:17
	android:name
		ADDED from AndroidManifest.xml:18:27
activity#com.example.onam.divyahimgiri.login
ADDED from AndroidManifest.xml:21:9
	android:label
		ADDED from AndroidManifest.xml:23:13
	android:name
		ADDED from AndroidManifest.xml:22:13
activity#com.example.onam.divyahimgiri.MainActivity
ADDED from AndroidManifest.xml:30:9
	android:label
		ADDED from AndroidManifest.xml:32:13
	android:name
		ADDED from AndroidManifest.xml:31:13
intent-filter#android.intent.action.MAIN+android.intent.category.DEFAULT
ADDED from AndroidManifest.xml:33:13
category#android.intent.category.DEFAULT
ADDED from AndroidManifest.xml:36:17
	android:name
		ADDED from AndroidManifest.xml:36:27
activity#com.example.onam.divyahimgiri.a1
ADDED from AndroidManifest.xml:39:9
	android:label
		ADDED from AndroidManifest.xml:41:13
	android:name
		ADDED from AndroidManifest.xml:40:13
activity#com.example.onam.divyahimgiri.a2
ADDED from AndroidManifest.xml:48:9
	android:label
		ADDED from AndroidManifest.xml:50:13
	android:name
		ADDED from AndroidManifest.xml:49:13
activity#com.example.onam.divyahimgiri.a3
ADDED from AndroidManifest.xml:57:9
	android:label
		ADDED from AndroidManifest.xml:59:13
	android:name
		ADDED from AndroidManifest.xml:58:13
activity#com.example.onam.divyahimgiri.a4
ADDED from AndroidManifest.xml:66:9
	android:label
		ADDED from AndroidManifest.xml:68:13
	android:name
		ADDED from AndroidManifest.xml:67:13
activity#com.example.onam.divyahimgiri.a5
ADDED from AndroidManifest.xml:75:9
	android:label
		ADDED from AndroidManifest.xml:77:13
	android:name
		ADDED from AndroidManifest.xml:76:13
activity#com.example.onam.divyahimgiri.a6
ADDED from AndroidManifest.xml:84:9
	android:label
		ADDED from AndroidManifest.xml:86:13
	android:name
		ADDED from AndroidManifest.xml:85:13
activity#com.example.onam.divyahimgiri.b1
ADDED from AndroidManifest.xml:93:9
	android:label
		ADDED from AndroidManifest.xml:95:13
	android:name
		ADDED from AndroidManifest.xml:94:13
activity#com.example.onam.divyahimgiri.b2
ADDED from AndroidManifest.xml:103:9
	android:label
		ADDED from AndroidManifest.xml:105:13
	android:name
		ADDED from AndroidManifest.xml:104:13
activity#com.example.onam.divyahimgiri.b3
ADDED from AndroidManifest.xml:112:9
	android:label
		ADDED from AndroidManifest.xml:114:13
	android:name
		ADDED from AndroidManifest.xml:113:13
activity#com.example.onam.divyahimgiri.b4
ADDED from AndroidManifest.xml:121:9
	android:label
		ADDED from AndroidManifest.xml:123:13
	android:name
		ADDED from AndroidManifest.xml:122:13
activity#com.example.onam.divyahimgiri.b5
ADDED from AndroidManifest.xml:130:9
	android:label
		ADDED from AndroidManifest.xml:132:13
	android:name
		ADDED from AndroidManifest.xml:131:13
activity#com.example.onam.divyahimgiri.b6
ADDED from AndroidManifest.xml:139:9
	android:label
		ADDED from AndroidManifest.xml:141:13
	android:name
		ADDED from AndroidManifest.xml:140:13
activity#com.example.onam.divyahimgiri.c1
ADDED from AndroidManifest.xml:148:9
	android:label
		ADDED from AndroidManifest.xml:150:13
	android:name
		ADDED from AndroidManifest.xml:149:13
activity#com.example.onam.divyahimgiri.c2
ADDED from AndroidManifest.xml:157:9
	android:label
		ADDED from AndroidManifest.xml:159:13
	android:name
		ADDED from AndroidManifest.xml:158:13
activity#com.example.onam.divyahimgiri.c3
ADDED from AndroidManifest.xml:166:9
	android:label
		ADDED from AndroidManifest.xml:168:13
	android:name
		ADDED from AndroidManifest.xml:167:13
activity#com.example.onam.divyahimgiri.c4
ADDED from AndroidManifest.xml:175:9
	android:label
		ADDED from AndroidManifest.xml:177:13
	android:name
		ADDED from AndroidManifest.xml:176:13
activity#com.example.onam.divyahimgiri.c5
ADDED from AndroidManifest.xml:184:9
	android:label
		ADDED from AndroidManifest.xml:186:13
	android:name
		ADDED from AndroidManifest.xml:185:13
activity#com.example.onam.divyahimgiri.c6
ADDED from AndroidManifest.xml:193:9
	android:label
		ADDED from AndroidManifest.xml:195:13
	android:name
		ADDED from AndroidManifest.xml:194:13
activity#com.example.onam.divyahimgiri.c7
ADDED from AndroidManifest.xml:202:9
	android:label
		ADDED from AndroidManifest.xml:204:13
	android:name
		ADDED from AndroidManifest.xml:203:13
activity#com.example.onam.divyahimgiri.c8
ADDED from AndroidManifest.xml:211:9
	android:label
		ADDED from AndroidManifest.xml:213:13
	android:name
		ADDED from AndroidManifest.xml:212:13
activity#com.example.onam.divyahimgiri.d1
ADDED from AndroidManifest.xml:220:9
	android:label
		ADDED from AndroidManifest.xml:222:13
	android:name
		ADDED from AndroidManifest.xml:221:13
activity#com.example.onam.divyahimgiri.d2
ADDED from AndroidManifest.xml:229:9
	android:label
		ADDED from AndroidManifest.xml:231:13
	android:name
		ADDED from AndroidManifest.xml:230:13
activity#com.example.onam.divyahimgiri.d3
ADDED from AndroidManifest.xml:238:9
	android:label
		ADDED from AndroidManifest.xml:240:13
	android:name
		ADDED from AndroidManifest.xml:239:13
activity#com.example.onam.divyahimgiri.d4
ADDED from AndroidManifest.xml:247:9
	android:label
		ADDED from AndroidManifest.xml:249:13
	android:name
		ADDED from AndroidManifest.xml:248:13
activity#com.example.onam.divyahimgiri.d5
ADDED from AndroidManifest.xml:256:9
	android:label
		ADDED from AndroidManifest.xml:258:13
	android:name
		ADDED from AndroidManifest.xml:257:13
activity#com.example.onam.divyahimgiri.d6
ADDED from AndroidManifest.xml:265:9
	android:label
		ADDED from AndroidManifest.xml:267:13
	android:name
		ADDED from AndroidManifest.xml:266:13
activity#com.example.onam.divyahimgiri.f1
ADDED from AndroidManifest.xml:274:9
	android:label
		ADDED from AndroidManifest.xml:276:13
	android:name
		ADDED from AndroidManifest.xml:275:13
activity#com.example.onam.divyahimgiri.f2
ADDED from AndroidManifest.xml:283:9
	android:label
		ADDED from AndroidManifest.xml:285:13
	android:name
		ADDED from AndroidManifest.xml:284:13
activity#com.example.onam.divyahimgiri.f3
ADDED from AndroidManifest.xml:292:9
	android:label
		ADDED from AndroidManifest.xml:294:13
	android:name
		ADDED from AndroidManifest.xml:293:13
activity#com.example.onam.divyahimgiri.f4
ADDED from AndroidManifest.xml:301:9
	android:label
		ADDED from AndroidManifest.xml:303:13
	android:name
		ADDED from AndroidManifest.xml:302:13
activity#com.example.onam.divyahimgiri.f5
ADDED from AndroidManifest.xml:310:9
	android:label
		ADDED from AndroidManifest.xml:312:13
	android:name
		ADDED from AndroidManifest.xml:311:13
activity#com.example.onam.divyahimgiri.f6
ADDED from AndroidManifest.xml:319:9
	android:label
		ADDED from AndroidManifest.xml:321:13
	android:name
		ADDED from AndroidManifest.xml:320:13
activity#com.example.onam.divyahimgiri.e1
ADDED from AndroidManifest.xml:328:9
	android:label
		ADDED from AndroidManifest.xml:330:13
	android:name
		ADDED from AndroidManifest.xml:329:13
activity#com.example.onam.divyahimgiri.e2
ADDED from AndroidManifest.xml:337:9
	android:label
		ADDED from AndroidManifest.xml:339:13
	android:name
		ADDED from AndroidManifest.xml:338:13
activity#com.example.onam.divyahimgiri.e3
ADDED from AndroidManifest.xml:346:9
	android:label
		ADDED from AndroidManifest.xml:348:13
	android:name
		ADDED from AndroidManifest.xml:347:13
activity#com.example.onam.divyahimgiri.e4
ADDED from AndroidManifest.xml:355:9
	android:label
		ADDED from AndroidManifest.xml:357:13
	android:name
		ADDED from AndroidManifest.xml:356:13
activity#com.example.onam.divyahimgiri.e5
ADDED from AndroidManifest.xml:364:9
	android:label
		ADDED from AndroidManifest.xml:366:13
	android:name
		ADDED from AndroidManifest.xml:365:13
activity#com.example.onam.divyahimgiri.e6
ADDED from AndroidManifest.xml:373:9
	android:label
		ADDED from AndroidManifest.xml:375:13
	android:name
		ADDED from AndroidManifest.xml:374:13
activity#com.example.onam.divyahimgiri.g1
ADDED from AndroidManifest.xml:382:9
	android:label
		ADDED from AndroidManifest.xml:384:13
	android:name
		ADDED from AndroidManifest.xml:383:13
activity#com.example.onam.divyahimgiri.g2
ADDED from AndroidManifest.xml:391:9
	android:label
		ADDED from AndroidManifest.xml:393:13
	android:name
		ADDED from AndroidManifest.xml:392:13
activity#com.example.onam.divyahimgiri.g3
ADDED from AndroidManifest.xml:400:9
	android:label
		ADDED from AndroidManifest.xml:402:13
	android:name
		ADDED from AndroidManifest.xml:401:13
activity#com.example.onam.divyahimgiri.g4
ADDED from AndroidManifest.xml:409:9
	android:label
		ADDED from AndroidManifest.xml:411:13
	android:name
		ADDED from AndroidManifest.xml:410:13
activity#com.example.onam.divyahimgiri.g5
ADDED from AndroidManifest.xml:418:9
	android:label
		ADDED from AndroidManifest.xml:420:13
	android:name
		ADDED from AndroidManifest.xml:419:13
activity#com.example.onam.divyahimgiri.g6
ADDED from AndroidManifest.xml:427:9
	android:label
		ADDED from AndroidManifest.xml:429:13
	android:name
		ADDED from AndroidManifest.xml:428:13
uses-sdk
INJECTED from AndroidManifest.xml:0:0 reason: use-sdk injection requested
MERGED from com.android.support:support-v4:21.0.3:15:5
	android:targetSdkVersion
		INJECTED from AndroidManifest.xml:0:0
		INJECTED from AndroidManifest.xml:0:0
	android:minSdkVersion
		INJECTED from AndroidManifest.xml:0:0
		INJECTED from AndroidManifest.xml:0:0